<?xml version="1.0" encoding="UTF-8"?>
<testsuite xmlns:xsi="http://www.w3.org/2001/XMLSchema-instance" xsi:noNamespaceSchemaLocation="https://maven.apache.org/surefire/maven-surefire-plugin/xsd/surefire-test-report.xsd" name="synchronizer.verticles.storage.TestDeleteFile" time="0.392" tests="2" errors="0" skipped="0" failures="0">
  <properties>
[...]
</properties>
  <testcase name="testFileDeletion" classname="synchronizer.verticles.storage.TestDeleteFile" time="0.139"/>
  <testcase name="testDirDeletion" classname="synchronizer.verticles.storage.TestDeleteFile" time="0.003"/>
</testsuite>